<?xml version="1.0" encoding="UTF-8"?>
<!-- Generated by org.testng.reporters.JUnitXMLReporter -->
<testsuite ignored="0" hostname="FIN-IT-LT-236" failures="4" tests="4" name="chrometest" time="0.14" errors="0" timestamp="2024-12-28T21:45:41 IST">
  <testcase classname="TESTNG4.ParamTest" name="@AfterClass testEnd" time="0.017">
    <failure type="java.lang.NullPointerException">
      <![CDATA[java.lang.NullPointerException
at TESTNG4.ParamTest.testEnd(ParamTest.java:76)
at java.base/java.util.ArrayList.forEach(ArrayList.java:1541)
... Removed 26 stack frames]]>
    </failure>
  </testcase> <!-- @AfterClass testEnd -->
  <testcase classname="TESTNG4.ParamTest" name="testLogo" time="0.019">
    <failure type="java.lang.NullPointerException">
      <![CDATA[java.lang.NullPointerException
at TESTNG4.ParamTest.testLogo(ParamTest.java:58)
at java.base/java.util.ArrayList.forEach(ArrayList.java:1541)
... Removed 27 stack frames]]>
    </failure>
  </testcase> <!-- testLogo -->
  <testcase classname="TESTNG4.ParamTest" name="testTitle" time="0.002">
    <failure type="java.lang.NullPointerException">
      <![CDATA[java.lang.NullPointerException
at TESTNG4.ParamTest.testTitle(ParamTest.java:65)
at java.base/java.util.ArrayList.forEach(ArrayList.java:1541)
... Removed 27 stack frames]]>
    </failure>
  </testcase> <!-- testTitle -->
  <testcase classname="TESTNG4.ParamTest" name="testUrl" time="0.002">
    <failure type="java.lang.NullPointerException">
      <![CDATA[java.lang.NullPointerException
at TESTNG4.ParamTest.testUrl(ParamTest.java:70)
at java.base/java.util.ArrayList.forEach(ArrayList.java:1541)
... Removed 27 stack frames]]>
    </failure>
  </testcase> <!-- testUrl -->
  <testcase classname="TESTNG4.ParamTest" name="testEnd" time="0.002">
    <failure type="java.lang.NullPointerException">
      <![CDATA[java.lang.NullPointerException
at TESTNG4.ParamTest.testEnd(ParamTest.java:76)
at java.base/java.util.ArrayList.forEach(ArrayList.java:1541)
... Removed 27 stack frames]]>
    </failure>
  </testcase> <!-- testEnd -->
</testsuite> <!-- chrometest -->
